2026-02-18 18:25:19,920 [INFO] Processing request of type ListToolsRequest
2026-02-18 18:26:14,507 [INFO] Processing request of type CallToolRequest
2026-02-18 18:26:14,508 [INFO] Richiesta API effettuata ad Adzuna: https://api.adzuna.com/v1/api/jobs/it/search/1/ con i parametri: {'app_id': '5993579b', 'app_key': '4e3a27b339023fc2729eb9f172016033', 'results_per_page': 10, 'what': 'React.js Python SQL Front End Design HTML HTML5 CSS JavaScript Java'}
2026-02-18 18:26:15,424 [INFO] HTTP Request: GET https://api.adzuna.com/v1/api/jobs/it/search/1/?app_id=5993579b&app_key=4e3a27b339023fc2729eb9f172016033&results_per_page=10&what=React.js+Python+SQL+Front+End+Design+HTML+HTML5+CSS+JavaScript+Java "HTTP/1.1 200 OK"
2026-02-18 18:26:15,425 [INFO] n. Offerte di lavoro: 0
2026-02-18 18:26:15,425 [INFO] Offerte di lavoro: {'status': 'success', 'total_job_offers_found': 0, 'jobOffers': []}
2026-02-18 18:26:24,849 [INFO] Processing request of type CallToolRequest
2026-02-18 18:26:24,849 [INFO] Richiesta API effettuata ad Adzuna: https://api.adzuna.com/v1/api/jobs/it/search/1/ con i parametri: {'app_id': '5993579b', 'app_key': '4e3a27b339023fc2729eb9f172016033', 'results_per_page': 10, 'what': 'React.js Python SQL Front End Design HTML HTML5 CSS JavaScript Java'}
2026-02-18 18:26:25,566 [INFO] HTTP Request: GET https://api.adzuna.com/v1/api/jobs/it/search/1/?app_id=5993579b&app_key=4e3a27b339023fc2729eb9f172016033&results_per_page=10&what=React.js+Python+SQL+Front+End+Design+HTML+HTML5+CSS+JavaScript+Java "HTTP/1.1 200 OK"
2026-02-18 18:26:25,567 [INFO] n. Offerte di lavoro: 0
2026-02-18 18:26:25,567 [INFO] Offerte di lavoro: {'status': 'success', 'total_job_offers_found': 0, 'jobOffers': []}
2026-02-18 18:27:03,247 [INFO] Processing request of type CallToolRequest
2026-02-18 18:27:03,247 [INFO] Richiesta API effettuata ad Adzuna: https://api.adzuna.com/v1/api/jobs/it/search/1/ con i parametri: {'app_id': '5993579b', 'app_key': '4e3a27b339023fc2729eb9f172016033', 'results_per_page': 10, 'what': 'Python JavaScript'}
2026-02-18 18:27:04,679 [INFO] HTTP Request: GET https://api.adzuna.com/v1/api/jobs/it/search/1/?app_id=5993579b&app_key=4e3a27b339023fc2729eb9f172016033&results_per_page=10&what=Python+JavaScript "HTTP/1.1 200 OK"
2026-02-18 18:27:04,680 [INFO] n. Offerte di lavoro: 10
2026-02-18 18:27:04,680 [INFO] Offerte di lavoro: {'status': 'success', 'total_job_offers_found': 10, 'jobOffers': [{'title': 'SOFTWARISTA', 'description': 'Orienta Orienta Spa - Società Benefit - filiale di Padova, ricerca, per azienda cliente di Noventa Padovana (PD), un/a SOFTWARISTA MANSIONI: - Progettazione, sviluppo e manutenzione di applicazioni software - Scrittura di codice pulito, scalabile e ben documentato - Collaborazione con team di prodotto, UX/UI e DevOps - Testing, debugging e ottimizzazione delle performance - Partecipazione alle code review e miglioramento continuo REQUISITI: - Conoscenze di :Python, Javascript  HTML  CSS, Django…'}, {'title': 'SOFTWARISTA', 'description': 'Orienta Spa - Società Benefit - filiale di Padova, ricerca, per azienda cliente di Noventa Padovana (PD), un/a SOFTWARISTA MANSIONI: - Progettazione, sviluppo e manutenzione di applicazioni software - Scrittura di codice pulito, scalabile e ben documentato - Collaborazione con team di prodotto, UX/UI e DevOps - Testing, debugging e ottimizzazione delle performance - Partecipazione alle code review e miglioramento continuo REQUISITI: - Conoscenze di :Python, Javascript  HTML  CSS, Django,SQL - E…'}, {'title': 'UN/A SOFTWARE ENGINEER', 'description': 'e-work SpA, sede di Roma, seleziona per azienda del settore informatico profili di SOFTWARE ENGINEER / SVILUPPATORE Requisiti: - Esperienza di almeno 3–5 anni nello sviluppo software - Ottima conoscenza di uno o più linguaggi di programmazione (es. Java, .NET, Python, JavaScript) - Esperienza con framework moderni e architetture a microservizi - Conoscenza di database relazionali e/o NoSQL - Capacità di lavorare in team e in contesti strutturati - Approccio orientato alla qualità del codice e a…'}, {'title': 'IT Specialist & DBA', 'description': 'Edelweiss Energia S.p.A. è una società del Gruppo Edelweiss che si occupa del commercio all’ingrosso a livello internazionale di energia elettrica, gas naturale e certificati ambientali ( https://edelweiss-energia.it ). La risorsa che stiamo cercando rivestirà il ruolo di IT Specialist & DBA su SQL Server e si occuperà principalmente dello sviluppo e della manutenzione dei software aziendali e della infrastruttura informatica. Le principali mansioni dell’IT Specialist & DBA prevedono: gestione …'}, {'title': 'UN/A SOFTWARE ENGINEER', 'description': 'e-work SpA, sede di Roma, seleziona per azienda del settore informatico profili di SOFTWARE ENGINEER / SVILUPPATORE Requisiti: - Esperienza di almeno 3–5 anni nello sviluppo software - Ottima conoscenza di uno o più linguaggi di programmazione (es. Java, .NET, Python, JavaScript) - Esperienza con framework moderni e architetture a microservizi - Conoscenza di database relazionali e/o NoSQL - Capacit di lavorare in team e in contesti strutturati - Approccio orientato alla qualit del codice e all…'}, {'title': 'Junior Software Developer (L. 68/99)', 'description': 'La Divisione ICT Corporate di Synergie Italia, dedicata al Professional Staffing e Ricerca e Selezione di personale qualificato, ricerca per società operante nel settore dei servizi informatici con sede a Barletta un/a: Junior Software Developer (L. 68/99) Responsabilità: sviluppo di applicazioni web su specifiche del project leader con stesura della relativa documentazione creazione di codice efficiente, testabile e riutilizzabile per le applicazioni analisi e progettazione della struttura del…'}, {'title': 'Sviluppatore Software .NET', 'description': 'Per importante azienda con sede a Trento , attiva in ambito innovazione tecnologica , curiamo la selezione di uno Sviluppatore Software da inserire nel proprio team. Cosa offriamo Inserimento in un contesto dinamico e orientato all’innovazione Possibilità di lavorare su progetti sfidanti e ad alto impatto Formazione continua e opportunità di crescita professionale Ambiente collaborativo e stimolante Responsabilità principali Sviluppo, manutenzione ed evoluzione di applicazioni software Collabor…'}, {'title': 'Sviluppatore Software .NET', 'description': "Descrizione azienda Per importante azienda con sede a Trento' attiva in ambito innovazione tecnologica' curiamo la selezione di uno Sviluppatore Software da inserire nel proprio team. Posizione Cosa offriamo - Inserimento in un contesto dinamico e orientato all'innovazione - Possibilit di lavorare su progetti sfidanti e ad alto impatto - Formazione continua e opportunit di crescita professionale - Ambiente collaborativo e stimolante Responsabilit principali - Sviluppo' manutenzione ed evoluzion…"}, {'title': 'Project Manager', 'description': "Siamo un'azienda italiana operante nella ricerca e selezione del personale che si occupa di soddisfare le necessità dei clienti offrendo servizi personalizzati. Siamo alla ricerca di un Project Manager con esperienza nello sviluppo software, capace di guidare progetti complessi e coordinare team di lavoro. Offriamo un contesto dinamico e innovativo, con l’opportunità di contribuire alla realizzazione di soluzioni digitali ad alto impatto. Requisiti Laurea in Informatica, Ingegneria Informatica …"}, {'title': 'SOFTWARE DEVELOPER', 'description': "Rete CAUTO seleziona per ampliamento del proprio organico interno un/a SOFTWARE DEVELOPER da inserire nel proprio ufficio informatico in espansione. Attraverso l’agire di Rete implementa soluzioni per una sostenibilità integrata grazie ad un know-how altamente specializzato e capacità tecniche acquisite in trent’anni di storia. Mansioni La risorsa si occuperà di sviluppare e mantenere software all'avanguardia, collaborando a stretto contatto con il team per soddisfare le esigenze aziendali e ri…"}]}
2026-02-18 18:39:00 [INFO] Processing request of type ListToolsRequest
2026-02-18 18:40:37 [INFO] Processing request of type CallToolRequest
2026-02-18 18:40:38 [INFO] HTTP Request: GET https://api.adzuna.com/v1/api/jobs/it/search/1/?app_id=5993579b&app_key=4e3a27b339023fc2729eb9f172016033&results_per_page=10&what=React&what_or=Python+SQL+Java "HTTP/1.1 200 OK"
2026-02-18 18:40:38 [INFO] [skills] Offerte trovate: 10
2026-02-20 15:17:26 [INFO] Processing request of type ListToolsRequest
2026-02-20 16:20:15 [INFO] Processing request of type ListToolsRequest
2026-02-20 16:22:31 [INFO] Processing request of type ListToolsRequest
2026-02-20 16:22:53 [INFO] Processing request of type ListToolsRequest
2026-02-20 16:26:39 [INFO] Processing request of type ListToolsRequest
2026-02-20 16:29:58 [INFO] Processing request of type CallToolRequest
2026-02-20 16:29:59 [INFO] HTTP Request: GET https://api.adzuna.com/v1/api/jobs/it/search/1/?app_id=5993579b&app_key=4e3a27b339023fc2729eb9f172016033&results_per_page=10&what=React&what_or=Python+SQL+JavaScript "HTTP/1.1 200 OK"
2026-02-20 16:29:59 [INFO] [skills] Job offers found: 10
2026-02-20 16:30:20 [INFO] Processing request of type CallToolRequest
2026-02-20 16:30:21 [INFO] HTTP Request: GET https://api.adzuna.com/v1/api/jobs/it/search/1/?app_id=5993579b&app_key=4e3a27b339023fc2729eb9f172016033&results_per_page=10&what=React&what_or=JavaScript+Python+SQL+Java "HTTP/1.1 200 OK"
2026-02-20 16:30:21 [INFO] [skills] Job offers found: 10
2026-02-20 16:36:05 [INFO] Processing request of type CallToolRequest
2026-02-20 16:36:06 [INFO] HTTP Request: GET https://api.adzuna.com/v1/api/jobs/it/search/1/?app_id=5993579b&app_key=4e3a27b339023fc2729eb9f172016033&results_per_page=10&what=React&what_or=JavaScript+HTML+CSS "HTTP/1.1 200 OK"
2026-02-20 16:36:06 [INFO] [skills] Job offers found: 10
2026-02-20 17:00:36 [INFO] Processing request of type ListToolsRequest
2026-02-20 17:00:52 [INFO] Processing request of type ListToolsRequest
2026-02-20 17:10:15 [INFO] Processing request of type ListToolsRequest
2026-02-20 17:13:14 [INFO] Processing request of type ListToolsRequest
2026-02-20 17:16:53 [INFO] Processing request of type CallToolRequest
2026-02-20 17:16:54 [INFO] HTTP Request: GET https://api.adzuna.com/v1/api/jobs/it/search/1/?app_id=5993579b&app_key=4e3a27b339023fc2729eb9f172016033&results_per_page=10&what=Python&what_or=React.js+SQL "HTTP/1.1 200 OK"
2026-02-20 17:16:54 [INFO] [skills] Job offers found: 10
2026-02-20 17:19:33 [INFO] Processing request of type CallToolRequest
2026-02-20 17:19:34 [INFO] HTTP Request: GET https://api.adzuna.com/v1/api/jobs/it/search/1/?app_id=5993579b&app_key=4e3a27b339023fc2729eb9f172016033&results_per_page=10&what=Python&what_or=SQL+PostgreSQL+MongoDB "HTTP/1.1 200 OK"
2026-02-20 17:19:34 [INFO] [skills] Job offers found: 10
2026-02-20 17:22:28 [INFO] Processing request of type CallToolRequest
2026-02-20 17:22:29 [INFO] HTTP Request: GET https://api.adzuna.com/v1/api/jobs/it/search/1/?app_id=5993579b&app_key=4e3a27b339023fc2729eb9f172016033&results_per_page=10&what=Test+Engineer&what_or=Torino+Milano+Palermo "HTTP/1.1 200 OK"
2026-02-20 17:22:29 [INFO] [skills] Job offers found: 10
